circuit_flat.n: 14
circuit_flat.num_gates:36333
---- Physic: 16; Logic: 14 
########### SANITY TEST ################# 
0 1 2 3 4 5 6 7 8 9 10 11 12 13 
results[0].depth: 46674
results[0].num_gates: 64401
########### SANITY TEST ################# 

######## RANDOM SEARCH ############
	Working with 57657600 elements out of 57657600.
 
Partial tree: 63994816 -- Number of subproblems: 57657600 

### MCORE Search ###
	Number of subproblems: 57657600 - Physic: 16, Logic: 14, Initial depth: 7,  Max threads: 128

New solution found: 
	Solution: 1, From 46674 to 46591
	Num gates: 64614
	Mapping:  - 8 - 3 - 1 - 13 - 15 - 9 - 14 - 0 - 2 - 4 - 5 - 6 - 7 - 10

New solution found: 
	Solution: 1, From 46591 to 46517
	Num gates: 64359
	Mapping:  - 12 - 9 - 2 - 11 - 0 - 5 - 14 - 1 - 3 - 4 - 6 - 7 - 8 - 10

New solution found: 
	Solution: 1, From 46517 to 46315
	Num gates: 63795
	Mapping:  - 8 - 9 - 12 - 4 - 0 - 14 - 13 - 1 - 2 - 3 - 5 - 6 - 7 - 10

New solution found: 
	Solution: 1, From 46315 to 46172
	Num gates: 63807
	Mapping:  - 3 - 4 - 11 - 13 - 7 - 14 - 5 - 0 - 1 - 2 - 6 - 8 - 9 - 10

New solution found: 
	Solution: 2, From 46172 to 46081
	Num gates: 63666
	Mapping:  - 12 - 8 - 6 - 11 - 0 - 7 - 4 - 1 - 2 - 3 - 5 - 9 - 10 - 14

New solution found: 
	Solution: 1, From 46081 to 46070
	Num gates: 63975
	Mapping:  - 10 - 8 - 1 - 9 - 3 - 2 - 7 - 0 - 4 - 5 - 6 - 11 - 12 - 13

New solution found: 
	Solution: 1, From 46070 to 45723
	Num gates: 63483
	Mapping:  - 6 - 1 - 7 - 0 - 10 - 11 - 13 - 2 - 3 - 4 - 5 - 8 - 9 - 12

New solution found: 
	Solution: 191, From 45723 to 45720
	Num gates: 63483
	Mapping:  - 11 - 15 - 13 - 12 - 8 - 14 - 9 - 0 - 1 - 2 - 6 - 3 - 10 - 5

New solution found: 
	Solution: 208, From 45720 to 45715
	Num gates: 63483
	Mapping:  - 9 - 5 - 13 - 14 - 15 - 8 - 2 - 0 - 1 - 3 - 10 - 7 - 6 - 4

New solution found: 
	Solution: 294, From 45715 to 45710
	Num gates: 63483
	Mapping:  - 11 - 4 - 9 - 6 - 12 - 15 - 2 - 0 - 1 - 3 - 13 - 14 - 7 - 10

New solution found: 
	Solution: 332, From 45710 to 45702
	Num gates: 63483
	Mapping:  - 7 - 15 - 14 - 11 - 12 - 9 - 5 - 0 - 1 - 2 - 13 - 6 - 8 - 4

New solution found: 
	Solution: 2178, From 45702 to 45697
	Num gates: 63483
	Mapping:  - 11 - 5 - 6 - 10 - 7 - 8 - 12 - 0 - 1 - 15 - 2 - 4 - 9 - 14

New solution found: 
	Solution: 4389, From 45697 to 45667
	Num gates: 63639
	Mapping:  - 11 - 4 - 9 - 6 - 12 - 15 - 2 - 0 - 3 - 13 - 5 - 1 - 10 - 14

New solution found: 
	Solution: 4703, From 45667 to 45646
	Num gates: 63639
	Mapping:  - 14 - 1 - 13 - 11 - 5 - 15 - 8 - 0 - 3 - 12 - 2 - 6 - 10 - 7

New solution found: 
	Solution: 7661, From 45646 to 45642
	Num gates: 63639
	Mapping:  - 3 - 12 - 10 - 13 - 14 - 7 - 9 - 0 - 5 - 1 - 4 - 11 - 6 - 8

New solution found: 
	Solution: 13708, From 45642 to 45638
	Num gates: 63639
	Mapping:  - 0 - 3 - 9 - 2 - 4 - 7 - 8 - 1 - 13 - 11 - 5 - 12 - 10 - 6

New solution found: 
	Solution: 22156, From 45638 to 45600
	Num gates: 63633
	Mapping:  - 13 - 4 - 7 - 11 - 9 - 6 - 1 - 2 - 0 - 14 - 10 - 5 - 8 - 3
