circuit_flat.n: 14
circuit_flat.num_gates:1928
---- Physic: 16; Logic: 14 
########### SANITY TEST ################# 
0 1 2 3 4 5 6 7 8 9 10 11 12 13 
results[0].depth: 2477
results[0].num_gates: 3359
########### SANITY TEST ################# 

######## RANDOM SEARCH ############
	Working with 57657600 elements out of 57657600.
 
Partial tree: 63994816 -- Number of subproblems: 57657600 

### MCORE Search ###
	Number of subproblems: 57657600 - Physic: 16, Logic: 14, Initial depth: 7,  Max threads: 128

New solution found: 
	Solution: 1, From 2477 to 2442
	Num gates: 3317
	Mapping:  - 0 - 8 - 4 - 6 - 11 - 14 - 10 - 1 - 2 - 3 - 5 - 7 - 9 - 12
New solution found: 
	Solution: 1, From 2442 to 2346
	Num gates: 3389
	Mapping: 
 - 2 - 0 - 5 - 15 - 10 - 1 - 4 - 3 - 6 - 7 - 8 - 9 - 11 - 12

New solution found: 
	Solution: 1, From 2346 to 2336
	Num gates: 3386
	Mapping:  - 12 - 3 - 11 - 15 - 2 - 1 - 7 - 0 - 4 - 5 - 6 - 8 - 9 - 10

New solution found: 
	Solution: 3, From 2336 to 2315
	Num gates: 3365
	Mapping:  - 2 - 0 - 5 - 15 - 10 - 1 - 4 - 3 - 6 - 7 - 8 - 9 - 11 - 14

New solution found: 
	Solution: 2, From 2315 to 2308
	Num gates: 3329
	Mapping:  - 15 - 12 - 6 - 5 - 10 - 0 - 2 - 1 - 3 - 4 - 7 - 8 - 9 - 13

New solution found: 
	Solution: 4, From 2308 to 2304
	Num gates: 3329
	Mapping:  - 0 - 15 - 1 - 7 - 5 - 12 - 8 - 2 - 3 - 4 - 6 - 9 - 11 - 10

New solution found: 
	Solution: 3, From 2304 to 2288
	Num gates: 3389
	Mapping:  - 12 - 11 - 4 - 0 - 1 - 14 - 2 - 3 - 5 - 6 - 7 - 8 - 9 - 15

New solution found: 
	Solution: 5, From 2288 to 2283
	Num gates: 3326
	Mapping:  - 12 - 3 - 11 - 15 - 2 - 1 - 7 - 0 - 4 - 5 - 6 - 8 - 10 - 13

New solution found: 
	Solution: 18, From 2283 to 2272
	Num gates: 3350
	Mapping:  - 15 - 6 - 4 - 13 - 12 - 0 - 3 - 1 - 2 - 5 - 7 - 9 - 10 - 14

New solution found: 
	Solution: 22, From 2272 to 2264
	Num gates: 3305
	Mapping:  - 3 - 8 - 6 - 11 - 15 - 14 - 1 - 0 - 2 - 4 - 5 - 9 - 13 - 7

New solution found: 
	Solution: 169, From 2264 to 2257
	Num gates: 3341
	Mapping:  - 10 - 11 - 8 - 5 - 7 - 6 - 15 - 0 - 1 - 2 - 9 - 14 - 3 - 4

New solution found: 
	Solution: 220, From 2257 to 2242
	Num gates: 3326
	Mapping:  - 10 - 14 - 15 - 1 - 5 - 6 - 7 - 0 - 2 - 3 - 11 - 12 - 8 - 4

New solution found: 
	Solution: 3220, From 2242 to 2238
	Num gates: 3326
	Mapping:  - 10 - 14 - 15 - 1 - 5 - 6 - 7 - 0 - 3 - 4 - 13 - 11 - 8 - 2

New solution found: 
	Solution: 47085, From 2238 to 2237
	Num gates: 3305
	Mapping:  - 13 - 6 - 11 - 3 - 15 - 1 - 9 - 4 - 5 - 10 - 12 - 8 - 7 - 14

New solution found: 
	Solution: 148, From 2237 to 2236
	Num gates: 3290
	Mapping:  - 7 - 0 - 12 - 1 - 8 - 14 - 15 - 2 - 3 - 4 - 9 - 10 - 6 - 5

New solution found: 
	Solution: 520, From 2236 to 2231
	Num gates: 3290
	Mapping:  - 7 - 0 - 12 - 1 - 8 - 14 - 15 - 2 - 3 - 5 - 9 - 11 - 6 - 4

New solution found: 
	Solution: 1763, From 2231 to 2229
	Num gates: 3290
	Mapping:  - 7 - 0 - 12 - 1 - 8 - 14 - 15 - 2 - 3 - 10 - 13 - 5 - 11 - 6

New solution found: 
	Solution: 4616, From 2229 to 2228
	Num gates: 3338
	Mapping:  - 3 - 12 - 8 - 14 - 6 - 5 - 0 - 1 - 4 - 13 - 11 - 15 - 9 - 7

New solution found: 
	Solution: 22441, From 2228 to 2222
	Num gates: 3338
	Mapping:  - 3 - 12 - 8 - 14 - 6 - 5 - 0 - 2 - 1 - 15 - 9 - 4 - 7 - 10

New solution found: 
	Solution: 37640, From 2222 to 2221
	Num gates: 3338
	Mapping:  - 3 - 12 - 8 - 14 - 6 - 5 - 0 - 2 - 13 - 15 - 9 - 4 - 10 - 7

New solution found: 
	Solution: 28565, From 2221 to 2218
	Num gates: 3302
	Mapping:  - 1 - 5 - 4 - 3 - 15 - 0 - 8 - 6 - 10 - 9 - 11 - 2 - 12 - 13
