circuit_flat.n: 12
circuit_flat.num_gates:6592
---- Physic: 16; Logic: 12 
########### SANITY TEST ################# 
0 1 2 3 4 5 6 7 8 9 10 11 
results[0].depth: 8737
results[0].num_gates: 11491
########### SANITY TEST ################# 

######## RANDOM SEARCH ############
	Working with 57657600 elements out of 57657600.
 
Partial tree: 63994816 -- Number of subproblems: 57657600 

### MCORE Search ###
	Number of subproblems: 57657600 - Physic: 16, Logic: 12, Initial depth: 7,  Max threads: 128

New solution found: 
	Solution: 1, From 8737 to 8632
	Num gates: 11317
	Mapping:  - 8 - 7 - 4 - 11 - 5 - 3 - 2 - 0 - 1 - 6 - 9 - 10

New solution found: 
	Solution: 1, From 8632 to 8563
	Num gates: 11431
	Mapping:  - 11 - 0 - 7 - 15 - 10 - 13 - 8 - 1 - 2 - 3 - 4 - 5

New solution found: 
	Solution: 2, From 8563 to 8545
	Num gates: 11425
	Mapping:  - 5 - 14 - 9 - 10 - 13 - 2 - 11 - 0 - 1 - 3 - 4 - 7

New solution found: 
	Solution: 1, From 8545 to 8535
	Num gates: 11464
	Mapping:  - 14 - 0 - 13 - 9 - 11 - 5 - 2 - 1 - 3 - 4 - 6 - 7

New solution found: 
	Solution: 1, From 8535 to 8528
	Num gates: 11425
	Mapping:  - 13 - 4 - 11 - 5 - 7 - 0 - 12 - 1 - 2 - 3 - 6 - 8

New solution found: 
	Solution: 1, From 8528 to 8494
	Num gates: 11323
	Mapping:  - 12 - 15 - 8 - 13 - 3 - 9 - 2 - 0 - 1 - 4 - 5 - 6

New solution found: 
	Solution: 1, From 8494 to 8490
	Num gates: 11323
	Mapping:  - 8 - 1 - 10 - 14 - 6 - 0 - 15 - 2 - 3 - 4 - 5 - 7

New solution found: 
	Solution: 4, From 8490 to 8456
	Num gates: 11281
	Mapping:  - 12 - 4 - 7 - 9 - 5 - 14 - 2 - 0 - 1 - 3 - 6 - 13

New solution found: 
	Solution: 32, From 8456 to 8422
	Num gates: 11182
	Mapping:  - 13 - 1 - 15 - 12 - 6 - 0 - 2 - 3 - 4 - 7 - 5 - 9

New solution found: 
	Solution: 64, From 8422 to 8412
	Num gates: 11308
	Mapping:  - 15 - 0 - 6 - 1 - 14 - 8 - 3 - 2 - 4 - 9 - 5 - 12

New solution found: 
	Solution: 268, From 8412 to 8408
	Num gates: 11221
	Mapping:  - 0 - 5 - 10 - 2 - 1 - 8 - 4 - 3 - 7 - 9 - 15 - 12

New solution found: 
	Solution: 914, From 8408 to 8406
	Num gates: 11206
	Mapping:  - 9 - 11 - 4 - 2 - 1 - 10 - 14 - 0 - 8 - 6 - 7 - 13

New solution found: 
	Solution: 1356, From 8406 to 8400
	Num gates: 11260
	Mapping:  - 3 - 15 - 4 - 13 - 9 - 6 - 0 - 1 - 12 - 8 - 5 - 2

New solution found: 
	Solution: 1384, From 8400 to 8390
	Num gates: 11308
	Mapping:  - 4 - 5 - 13 - 12 - 14 - 15 - 8 - 0 - 10 - 7 - 1 - 9

New solution found: 
	Solution: 2321, From 8390 to 8384
	Num gates: 11221
	Mapping:  - 1 - 7 - 14 - 3 - 9 - 5 - 4 - 2 - 10 - 0 - 11 - 6

New solution found: 
	Solution: 3965, From 8384 to 8376
	Num gates: 11260
	Mapping:  - 2 - 6 - 14 - 5 - 11 - 1 - 3 - 7 - 8 - 15 - 0 - 13

New solution found: 
	Solution: 4061, From 8376 to 8357
	Num gates: 11221
	Mapping:  - 10 - 4 - 13 - 15 - 9 - 12 - 7 - 2 - 5 - 3 - 6 - 0

New solution found: 
	Solution: 4625, From 8357 to 8356
	Num gates: 11152
	Mapping:  - 0 - 2 - 10 - 13 - 14 - 9 - 12 - 4 - 11 - 1 - 3 - 15

New solution found: 
	Solution: 8166, From 8356 to 8355
	Num gates: 11152
	Mapping:  - 0 - 2 - 10 - 13 - 14 - 9 - 12 - 6 - 11 - 15 - 3 - 1

New solution found: 
	Solution: 7731, From 8355 to 8352
	Num gates: 11152
	Mapping:  - 9 - 3 - 5 - 13 - 12 - 6 - 8 - 7 - 10 - 14 - 11 - 0

New solution found: 
	Solution: 9475, From 8352 to 8346
	Num gates: 11152
	Mapping:  - 15 - 5 - 2 - 4 - 1 - 11 - 8 - 10 - 12 - 0 - 13 - 14

New solution found: 
	Solution: 2890, From 8346 to 8344
	Num gates: 11152
	Mapping:  - 2 - 6 - 0 - 12 - 1 - 14 - 10 - 4 - 11 - 13 - 5 - 15

New solution found: 
	Solution: 4389, From 8344 to 8341
	Num gates: 11152
	Mapping:  - 1 - 11 - 7 - 15 - 2 - 3 - 8 - 5 - 10 - 14 - 4 - 12
