circuit_flat.n: 13
circuit_flat.num_gates:41050
---- Physic: 16; Logic: 13 
########### SANITY TEST ################# 
0 1 2 3 4 5 6 7 8 9 10 11 12 
results[0].depth: 50469
results[0].num_gates: 71416
########### SANITY TEST ################# 

######## RANDOM SEARCH ############
	Working with 57657600 elements out of 57657600.
 
Partial tree: 63994816 -- Number of subproblems: 57657600 

### MCORE Search ###
	Number of subproblems: 57657600 - Physic: 16, Logic: 13, Initial depth: 7,  Max threads: 128

New solution found: 
	Solution: 7, From 50469 to 50404
	Num gates: 71308
	Mapping:  - 3 - 4 - 15 - 12 - 1 - 7 - 6 - 0 - 2 - 5 - 8 - 10 - 13

New solution found: 
	Solution: 56, From 50404 to 50399
	Num gates: 71308
	Mapping:  - 1 - 10 - 5 - 8 - 14 - 11 - 4 - 0 - 2 - 3 - 9 - 13 - 15

New solution found: 
	Solution: 59, From 50399 to 50395
	Num gates: 71308
	Mapping:  - 1 - 10 - 5 - 8 - 14 - 11 - 4 - 0 - 2 - 3 - 9 - 15 - 12

New solution found: 
	Solution: 72, From 50395 to 50394
	Num gates: 71308
	Mapping:  - 11 - 9 - 6 - 3 - 4 - 1 - 0 - 2 - 5 - 7 - 13 - 12 - 15

New solution found: 
	Solution: 88, From 50394 to 50338
	Num gates: 71308
	Mapping:  - 10 - 3 - 11 - 0 - 6 - 12 - 4 - 1 - 2 - 5 - 14 - 8 - 15

New solution found: 
	Solution: 149, From 50338 to 50299
	Num gates: 71485
	Mapping:  - 5 - 2 - 10 - 12 - 0 - 15 - 4 - 1 - 3 - 7 - 8 - 11 - 6

New solution found: 
	Solution: 414, From 50299 to 50277
	Num gates: 71485
	Mapping:  - 7 - 1 - 3 - 11 - 9 - 0 - 4 - 2 - 5 - 12 - 10 - 14 - 8

New solution found: 
	Solution: 35318, From 50277 to 50271
	Num gates: 71485
	Mapping:  - 7 - 1 - 3 - 11 - 9 - 0 - 4 - 12 - 6 - 2 - 8 - 15 - 10
