circuit_flat.n: 15
circuit_flat.num_gates:5143
---- Physic: 16; Logic: 15 
########### SANITY TEST ################# 
0 1 2 3 4 5 6 7 8 9 10 11 12 13 14 
results[0].depth: 6753
results[0].num_gates: 8986
########### SANITY TEST ################# 

######## RANDOM SEARCH ############
	Working with 57657600 elements out of 57657600.
 
Partial tree: 63994816 -- Number of subproblems: 57657600 

### MCORE Search ###
	Number of subproblems: 57657600 - Physic: 16, Logic: 15, Initial depth: 7,  Max threads: 128

New solution found: 
	Solution: 1, From 6753 to 6694
	Num gates: 8899
	Mapping:  - 10 - 14 - 8 - 3 - 2 - 4 - 6 - 0 - 1 - 5 - 7 - 9 - 11 - 12 - 13

New solution found: 
	Solution: 1, From 6694 to 6684
	Num gates: 9013
	Mapping:  - 6 - 12 - 3 - 5 - 14 - 13 - 11 - 0 - 1 - 2 - 4 - 7 - 8 - 9 - 10

New solution found: 
	Solution: 1, From 6684 to 6669
	Num gates: 8938
	Mapping:  - 9 - 11 - 12 - 6 - 5 - 2 - 14 - 0 - 1 - 3 - 4 - 7 - 8 - 10 - 13

New solution found: 
	Solution: 1, From 6669 to 6598
	Num gates: 8902
	Mapping:  - 11 - 2 - 0 - 10 - 8 - 15 - 14 - 1 - 3 - 4 - 5 - 6 - 7 - 9 - 12

New solution found: 
	Solution: 2, From 6598 to 6562
	Num gates: 8974
	Mapping:  - 6 - 9 - 1 - 10 - 13 - 14 - 5 - 0 - 2 - 3 - 4 - 7 - 8 - 11 - 15

New solution found: 
	Solution: 5, From 6562 to 6541
	Num gates: 8926
	Mapping:  - 6 - 9 - 1 - 10 - 13 - 14 - 5 - 0 - 2 - 3 - 4 - 7 - 8 - 15 - 11

New solution found: 
	Solution: 4, From 6541 to 6538
	Num gates: 8887
	Mapping:  - 7 - 10 - 6 - 3 - 5 - 9 - 12 - 0 - 1 - 2 - 4 - 8 - 11 - 14 - 15

New solution found: 
	Solution: 7, From 6538 to 6504
	Num gates: 8860
	Mapping:  - 10 - 7 - 11 - 3 - 6 - 8 - 14 - 0 - 1 - 2 - 4 - 5 - 12 - 9 - 13

New solution found: 
	Solution: 162, From 6504 to 6468
	Num gates: 8881
	Mapping:  - 4 - 11 - 10 - 2 - 8 - 6 - 5 - 0 - 1 - 3 - 9 - 12 - 14 - 15 - 13

New solution found: 
	Solution: 878, From 6468 to 6450
	Num gates: 8827
	Mapping:  - 13 - 8 - 7 - 10 - 11 - 5 - 9 - 0 - 1 - 3 - 4 - 6 - 14 - 2 - 15

New solution found: 
	Solution: 1014, From 6450 to 6445
	Num gates: 8878
	Mapping:  - 12 - 5 - 10 - 4 - 6 - 11 - 13 - 0 - 1 - 3 - 8 - 9 - 2 - 15 - 14

New solution found: 
	Solution: 2932, From 6445 to 6440
	Num gates: 8878
	Mapping:  - 12 - 5 - 10 - 4 - 6 - 11 - 13 - 0 - 1 - 9 - 2 - 8 - 3 - 14 - 15

New solution found: 
	Solution: 10388, From 6440 to 6418
	Num gates: 8791
	Mapping:  - 2 - 14 - 0 - 1 - 3 - 5 - 15 - 4 - 8 - 6 - 10 - 11 - 13 - 7 - 12

New solution found: 
	Solution: 20748, From 6418 to 6412
	Num gates: 8791
	Mapping:  - 4 - 14 - 1 - 12 - 10 - 3 - 2 - 0 - 9 - 5 - 13 - 15 - 7 - 11 - 8

New solution found: 
	Solution: 98763, From 6412 to 6393
	Num gates: 8839
	Mapping:  - 2 - 10 - 12 - 0 - 14 - 1 - 11 - 5 - 7 - 9 - 4 - 3 - 6 - 13 - 8
