circuit_flat.n: 13
circuit_flat.num_gates:3401
---- Physic: 16; Logic: 13 
########### SANITY TEST ################# 
0 1 2 3 4 5 6 7 8 9 10 11 12 
results[0].depth: 4551
results[0].num_gates: 6077
########### SANITY TEST ################# 

######## RANDOM SEARCH ############
	Working with 57657600 elements out of 57657600.
 
Partial tree: 63994816 -- Number of subproblems: 57657600 

### MCORE Search ###
	Number of subproblems: 57657600 - Physic: 16, Logic: 13, Initial depth: 7,  Max threads: 128

New solution found: 
	Solution: 1, From 4551 to 4450
	Num gates: 5930
	Mapping:  - 13 - 10 - 7 - 0 - 8 - 3 - 4 - 1 - 2 - 5 - 6 - 9 - 11

New solution found: 
	Solution: 1, From 4450 to 4426
	Num gates: 5996
	Mapping:  - 10 - 6 - 4 - 2 - 9 - 7 - 3 - 0 - 1 - 5 - 8 - 11 - 12

New solution found: 
	Solution: 1, From 4426 to 4423
	Num gates: 5999
	Mapping:  - 12 - 6 - 5 - 14 - 13 - 1 - 3 - 0 - 2 - 4 - 7 - 8 - 9

New solution found: 
	Solution: 1, From 4423 to 4421
	Num gates: 5972
	Mapping:  - 13 - 5 - 12 - 10 - 8 - 4 - 14 - 0 - 1 - 2 - 3 - 6 - 7

New solution found: 
	Solution: 1, From 4421 to 4382
	Num gates: 5972
	Mapping:  - 5 - 8 - 7 - 14 - 1 - 11 - 10 - 0 - 2 - 3 - 4 - 6 - 9

New solution found: 
	Solution: 8, From 4382 to 4356
	Num gates: 5891
	Mapping:  - 1 - 3 - 11 - 13 - 0 - 8 - 12 - 2 - 4 - 5 - 6 - 9 - 15

New solution found: 
	Solution: 33, From 4356 to 4353
	Num gates: 5915
	Mapping:  - 8 - 1 - 9 - 14 - 0 - 10 - 6 - 2 - 3 - 4 - 7 - 13 - 5

New solution found: 
	Solution: 44, From 4353 to 4348
	Num gates: 5924
	Mapping:  - 0 - 4 - 7 - 8 - 11 - 9 - 15 - 1 - 2 - 3 - 10 - 5 - 14

New solution found: 
	Solution: 330, From 4348 to 4346
	Num gates: 5882
	Mapping:  - 11 - 8 - 9 - 2 - 5 - 13 - 15 - 0 - 1 - 6 - 12 - 7 - 4

New solution found: 
	Solution: 388, From 4346 to 4345
	Num gates: 5942
	Mapping:  - 10 - 11 - 6 - 15 - 3 - 14 - 9 - 0 - 1 - 7 - 4 - 5 - 13

New solution found: 
	Solution: 418, From 4345 to 4344
	Num gates: 5942
	Mapping:  - 10 - 11 - 6 - 15 - 3 - 14 - 9 - 0 - 1 - 7 - 5 - 13 - 4

New solution found: 
	Solution: 427, From 4344 to 4333
	Num gates: 5858
	Mapping:  - 1 - 10 - 6 - 12 - 0 - 13 - 7 - 2 - 3 - 9 - 11 - 5 - 14

New solution found: 
	Solution: 1274, From 4333 to 4331
	Num gates: 5858
	Mapping:  - 1 - 10 - 6 - 12 - 0 - 13 - 7 - 2 - 4 - 9 - 11 - 14 - 5

New solution found: 
	Solution: 2515, From 4331 to 4319
	Num gates: 5894
	Mapping:  - 4 - 6 - 12 - 15 - 1 - 10 - 5 - 0 - 7 - 14 - 13 - 9 - 8

New solution found: 
	Solution: 29329, From 4319 to 4316
	Num gates: 5891
	Mapping:  - 6 - 4 - 7 - 0 - 3 - 11 - 9 - 10 - 5 - 15 - 8 - 12 - 1

New solution found: 
	Solution: 17579, From 4316 to 4313
	Num gates: 5891
	Mapping:  - 10 - 0 - 9 - 1 - 12 - 8 - 6 - 4 - 11 - 15 - 5 - 14 - 7

New solution found: 
	Solution: 38103, From 4313 to 4310
	Num gates: 5831
	Mapping:  - 8 - 13 - 3 - 4 - 1 - 10 - 11 - 9 - 12 - 5 - 7 - 0 - 14

New solution found: 
	Solution: 40068, From 4310 to 4304
	Num gates: 5915
	Mapping:  - 10 - 9 - 12 - 15 - 3 - 14 - 5 - 7 - 13 - 6 - 11 - 1 - 8

New solution found: 
	Solution: 14301, From 4304 to 4298
	Num gates: 5957
	Mapping:  - 15 - 12 - 2 - 14 - 1 - 3 - 7 - 5 - 4 - 0 - 8 - 6 - 9

New solution found: 
	Solution: 22686, From 4298 to 4290
	Num gates: 5957
	Mapping:  - 15 - 12 - 2 - 14 - 1 - 3 - 7 - 6 - 8 - 0 - 4 - 9 - 10

New solution found: 
	Solution: 22852, From 4290 to 4277
	Num gates: 5798
	Mapping:  - 7 - 8 - 9 - 1 - 14 - 10 - 15 - 4 - 5 - 2 - 6 - 11 - 13

New solution found: 
	Solution: 23691, From 4277 to 4274
	Num gates: 5798
	Mapping:  - 7 - 8 - 9 - 1 - 14 - 10 - 15 - 4 - 6 - 2 - 5 - 11 - 12
