circuit_flat.n: 12
circuit_flat.num_gates:14680
---- Physic: 16; Logic: 12 
########### SANITY TEST ################# 
0 1 2 3 4 5 6 7 8 9 10 11 
results[0].depth: 18628
results[0].num_gates: 25873
########### SANITY TEST ################# 

######## RANDOM SEARCH ############
	Working with 57657600 elements out of 57657600.
 
Partial tree: 63994816 -- Number of subproblems: 57657600 

### MCORE Search ###
	Number of subproblems: 57657600 - Physic: 16, Logic: 12, Initial depth: 7,  Max threads: 128

New solution found: 
	Solution: 1, From 18628 to 18616
	Num gates: 25849
	Mapping:  - 6 - 10 - 1 - 4 - 5 - 0 - 2 - 3 - 7 - 8 - 9 - 11

New solution found: 
	Solution: 2, From 18616 to 18600
	Num gates: 25609
	Mapping:  - 11 - 9 - 2 - 4 - 10 - 15 - 13 - 0 - 1 - 3 - 5 - 7

New solution found: 
	Solution: 5, From 18600 to 18448
	Num gates: 25726
	Mapping:  - 8 - 7 - 14 - 11 - 9 - 5 - 10 - 0 - 1 - 2 - 3 - 15

New solution found: 
	Solution: 8, From 18448 to 18408
	Num gates: 25618
	Mapping:  - 1 - 9 - 3 - 0 - 4 - 6 - 13 - 2 - 5 - 7 - 10 - 12

New solution found: 
	Solution: 12, From 18408 to 18406
	Num gates: 25618
	Mapping:  - 1 - 9 - 3 - 0 - 4 - 6 - 13 - 2 - 5 - 7 - 11 - 10

New solution found: 
	Solution: 320, From 18406 to 18393
	Num gates: 25690
	Mapping:  - 10 - 8 - 9 - 12 - 6 - 4 - 14 - 0 - 2 - 7 - 11 - 15

New solution found: 
	Solution: 324, From 18393 to 18355
	Num gates: 25537
	Mapping:  - 11 - 6 - 5 - 3 - 1 - 0 - 9 - 2 - 7 - 12 - 14 - 13

New solution found: 
	Solution: 785, From 18355 to 18319
	Num gates: 25423
	Mapping:  - 0 - 5 - 6 - 11 - 2 - 1 - 8 - 3 - 10 - 14 - 4 - 15

New solution found: 
	Solution: 7730, From 18319 to 18308
	Num gates: 25423
	Mapping:  - 8 - 1 - 0 - 5 - 3 - 13 - 2 - 10 - 11 - 14 - 9 - 15

New solution found: 
	Solution: 10272, From 18308 to 18294
	Num gates: 25423
	Mapping:  - 5 - 1 - 14 - 7 - 8 - 11 - 12 - 10 - 0 - 15 - 4 - 3

New solution found: 
	Solution: 10032, From 18294 to 18285
	Num gates: 25423
	Mapping:  - 4 - 14 - 0 - 11 - 8 - 2 - 12 - 9 - 15 - 10 - 5 - 3

New solution found: 
	Solution: 8552, From 18285 to 18282
	Num gates: 25423
	Mapping:  - 7 - 12 - 15 - 5 - 8 - 13 - 0 - 9 - 1 - 11 - 2 - 4
