circuit_flat.n: 10
circuit_flat.num_gates:22854
---- Physic: 16; Logic: 10 
########### SANITY TEST ################# 
0 1 2 3 4 5 6 7 8 9 
results[0].depth: 29451
results[0].num_gates: 39417
########### SANITY TEST ################# 

######## RANDOM SEARCH ############
	Working with 57657600 elements out of 57657600.
 
Partial tree: 63994816 -- Number of subproblems: 57657600 

### MCORE Search ###
	Number of subproblems: 57657600 - Physic: 16, Logic: 10, Initial depth: 7,  Max threads: 128

New solution found: 
	Solution: 1, From 29451 to 29415
	Num gates: 39201
	Mapping:  - 12 - 8 - 15 - 0 - 3 - 9 - 10 - 1 - 2 - 4

New solution found: 
	Solution: 1, From 29415 to 29365
	Num gates: 39075
	Mapping:  - 12 - 7 - 2 - 10 - 11 - 6 - 8 - 0 - 1 - 3

New solution found: 
	Solution: 1, From 29365 to 29356
	Num gates: 39129
	Mapping:  - 0 - 1 - 8 - 2 - 9 - 11 - 7 - 3 - 4 - 5

New solution found: 
	Solution: 1, From 29356 to 29257
	Num gates: 39330
	Mapping:  - 5 - 11 - 3 - 2 - 12 - 13 - 14 - 0 - 1 - 4

New solution found: 
	Solution: 1, From 29257 to 29077
	Num gates: 38898
	Mapping:  - 4 - 11 - 3 - 14 - 2 - 5 - 15 - 0 - 1 - 6

New solution found: 
	Solution: 4, From 29077 to 29030
	Num gates: 38685
	Mapping:  - 11 - 15 - 1 - 14 - 13 - 4 - 10 - 0 - 2 - 7

New solution found: 
	Solution: 375, From 29030 to 28992
	Num gates: 38685
	Mapping:  - 6 - 15 - 13 - 4 - 11 - 3 - 5 - 10 - 9 - 7

New solution found: 
	Solution: 405, From 28992 to 28989
	Num gates: 38685
	Mapping:  - 5 - 0 - 14 - 15 - 3 - 4 - 9 - 12 - 2 - 11

New solution found: 
	Solution: 100, From 28989 to 28965
	Num gates: 38685
	Mapping:  - 5 - 1 - 14 - 13 - 12 - 6 - 10 - 2 - 11 - 3
