circuit_flat.n: 12
circuit_flat.num_gates:378
---- Physic: 16; Logic: 12 
########### SANITY TEST ################# 
0 1 2 3 4 5 6 7 8 9 10 11 
results[0].depth: 355
results[0].num_gates: 621
########### SANITY TEST ################# 

######## RANDOM SEARCH ############
	Working with 57657600 elements out of 57657600.
 
Partial tree: 63994816 -- Number of subproblems: 57657600 

### MCORE Search ###
	Number of subproblems: 57657600 - Physic: 16, Logic: 12, Initial depth: 7,  Max threads: 128

New solution found: 
	Solution: 1, From 355 to 340
	Num gates: 687
	Mapping:  - 8 - 7 - 2 - 15 - 10 - 6 - 14 - 0 - 1 - 3 - 4 - 5

New solution found: 
	Solution: 2, From 340 to 335
	Num gates: 666
	Mapping:  - 12 - 11 - 1 - 8 - 14 - 7 - 9 - 0 - 2 - 3 - 4 - 6

New solution found: 
	Solution: 11, From 335 to 334
	Num gates: 657
	Mapping:  - 12 - 11 - 1 - 8 - 14 - 7 - 9 - 0 - 2 - 3 - 6 - 4

New solution found: 
	Solution: 13, From 334 to 330
	Num gates: 630
	Mapping:  - 4 - 5 - 10 - 8 - 0 - 2 - 15 - 1 - 3 - 6 - 11 - 12

New solution found: 
	Solution: 15, From 330 to 329
	Num gates: 636
	Mapping:  - 0 - 5 - 12 - 4 - 15 - 14 - 2 - 1 - 3 - 6 - 9 - 13

New solution found: 
	Solution: 40, From 329 to 326
	Num gates: 639
	Mapping:  - 0 - 5 - 12 - 4 - 15 - 14 - 2 - 1 - 3 - 7 - 8 - 13

New solution found: 
	Solution: 63, From 326 to 325
	Num gates: 636
	Mapping:  - 7 - 8 - 5 - 11 - 2 - 14 - 15 - 0 - 1 - 6 - 3 - 10

New solution found: 
	Solution: 106, From 325 to 322
	Num gates: 639
	Mapping:  - 9 - 5 - 14 - 3 - 12 - 10 - 15 - 0 - 1 - 7 - 8 - 2

New solution found: 
	Solution: 442, From 322 to 321
	Num gates: 675
	Mapping:  - 11 - 15 - 9 - 5 - 2 - 10 - 6 - 0 - 4 - 1 - 13 - 7

New solution found: 
	Solution: 533, From 321 to 319
	Num gates: 669
	Mapping:  - 8 - 7 - 2 - 15 - 10 - 6 - 14 - 0 - 4 - 9 - 12 - 5

New solution found: 
	Solution: 642, From 319 to 318
	Num gates: 678
	Mapping:  - 2 - 12 - 8 - 15 - 10 - 11 - 3 - 0 - 6 - 1 - 7 - 5

New solution found: 
	Solution: 1451, From 318 to 317
	Num gates: 666
	Mapping:  - 4 - 12 - 14 - 3 - 15 - 8 - 2 - 0 - 11 - 13 - 6 - 1

New solution found: 
	Solution: 4306, From 317 to 314
	Num gates: 657
	Mapping:  - 7 - 8 - 5 - 11 - 2 - 14 - 15 - 3 - 9 - 6 - 10 - 0

New solution found: 
	Solution: 6129, From 314 to 313
	Num gates: 630
	Mapping:  - 11 - 15 - 9 - 5 - 2 - 10 - 6 - 4 - 12 - 1 - 3 - 13

New solution found: 
	Solution: 2201, From 313 to 312
	Num gates: 642
	Mapping:  - 7 - 6 - 2 - 10 - 14 - 11 - 4 - 1 - 5 - 9 - 8 - 0

New solution found: 
	Solution: 466, From 312 to 311
	Num gates: 663
	Mapping:  - 14 - 1 - 4 - 12 - 13 - 15 - 9 - 0 - 5 - 3 - 8 - 2

New solution found: 
	Solution: 6766, From 311 to 309
	Num gates: 663
	Mapping:  - 14 - 1 - 4 - 12 - 13 - 15 - 9 - 6 - 0 - 3 - 8 - 2

New solution found: 
	Solution: 11911, From 309 to 308
	Num gates: 615
	Mapping:  - 6 - 9 - 14 - 11 - 0 - 15 - 2 - 12 - 1 - 10 - 3 - 4

New solution found: 
	Solution: 10422, From 308 to 306
	Num gates: 606
	Mapping:  - 9 - 8 - 12 - 13 - 1 - 10 - 2 - 11 - 3 - 7 - 5 - 4

New solution found: 
	Solution: 13591, From 306 to 305
	Num gates: 606
	Mapping:  - 6 - 9 - 13 - 11 - 0 - 12 - 2 - 15 - 1 - 10 - 3 - 4

New solution found: 
	Solution: 25, From 305 to 303
	Num gates: 615
	Mapping:  - 10 - 5 - 1 - 0 - 13 - 15 - 12 - 2 - 3 - 4 - 11 - 14
